Copyright 1986-2015 Xilinx, Inc. All Rights Reserved.
----------------------------------------------------------------------------------------
| Tool Version     : Vivado v.2015.2 (win64) Build 1266856 Fri Jun 26 16:35:25 MDT 2015
| Date             : Fri Apr 04 01:45:49 2025
| Host             : DESKTOP-MO13T72 running 64-bit major release  (build 9200)
| Command          : 
| Design           : TopModule
| Device           : xc7a35tcpg236-1
| Design State     : Routed
| Grade            : commercial
| Process          : typical
| Characterization : Production
----------------------------------------------------------------------------------------

Power Report

Table of Contents
-----------------
1. Summary
1.1 On-Chip Components
1.2 Power Supply Summary
1.3 Confidence Level
2. Settings
2.1 Environment
2.2 Clock Constraints
3. Detailed Reports
3.1 By Hierarchy

1. Summary
----------

+--------------------------+-------+
| Total On-Chip Power (W)  | 6.432 |
| Dynamic (W)              | 6.332 |
| Device Static (W)        | 0.100 |
| Effective TJA (C/W)      | 5.0   |
| Max Ambient (C)          | 52.8  |
| Junction Temperature (C) | 57.2  |
| Confidence Level         | Low   |
| Setting File             | ---   |
| Simulation Activity File | ---   |
| Design Nets Matched      | NA    |
+--------------------------+-------+


1.1 On-Chip Components
----------------------

+----------------+-----------+----------+-----------+-----------------+
| On-Chip        | Power (W) | Used     | Available | Utilization (%) |
+----------------+-----------+----------+-----------+-----------------+
| Slice Logic    |     2.381 |     1113 |       --- |             --- |
|   LUT as Logic |     2.136 |      497 |     20800 |            2.39 |
|   CARRY4       |     0.118 |       57 |      8150 |            0.70 |
|   Register     |     0.069 |      417 |     41600 |            1.00 |
|   BUFG         |     0.052 |        2 |        32 |            6.25 |
|   F7/F8 Muxes  |     0.006 |        7 |     32600 |            0.02 |
|   Others       |     0.000 |       37 |       --- |             --- |
| Signals        |     2.230 |      924 |       --- |             --- |
| Block RAM      |     1.308 |        2 |        50 |            4.00 |
| I/O            |     0.413 |       43 |       106 |           40.57 |
| Static Power   |     0.100 |          |           |                 |
| Total          |     6.432 |          |           |                 |
+----------------+-----------+----------+-----------+-----------------+


1.2 Power Supply Summary
------------------------

+-----------+-------------+-----------+-------------+------------+
| Source    | Voltage (V) | Total (A) | Dynamic (A) | Static (A) |
+-----------+-------------+-----------+-------------+------------+
| Vccint    |       1.000 |     5.861 |       5.828 |      0.033 |
| Vccaux    |       1.800 |     0.030 |       0.015 |      0.015 |
| Vcco33    |       3.300 |     0.115 |       0.114 |      0.001 |
| Vcco25    |       2.500 |     0.000 |       0.000 |      0.000 |
| Vcco18    |       1.800 |     0.000 |       0.000 |      0.000 |
| Vcco15    |       1.500 |     0.000 |       0.000 |      0.000 |
| Vcco135   |       1.350 |     0.000 |       0.000 |      0.000 |
| Vcco12    |       1.200 |     0.000 |       0.000 |      0.000 |
| Vccaux_io |       1.800 |     0.000 |       0.000 |      0.000 |
| Vccbram   |       1.000 |     0.100 |       0.099 |      0.001 |
| MGTAVcc   |       1.000 |     0.000 |       0.000 |      0.000 |
| MGTAVtt   |       1.200 |     0.000 |       0.000 |      0.000 |
| Vccadc    |       1.800 |     0.020 |       0.000 |      0.020 |
+-----------+-------------+-----------+-------------+------------+


1.3 Confidence Level
--------------------

+-----------------------------+------------+--------------------------------------------------------+--------------------------------------------------------------------------------------------------------------------+
| User Input Data             | Confidence | Details                                                | Action                                                                                                             |
+-----------------------------+------------+--------------------------------------------------------+--------------------------------------------------------------------------------------------------------------------+
| Design implementation state | High       | Design is routed                                       |                                                                                                                    |
| Clock nodes activity        | Low        | User specified less than 75% of clocks                 | Provide missing clock activity with a constraint file, simulation results or by editing the "By Clock Domain" view |
| I/O nodes activity          | Low        | More than 75% of inputs are missing user specification | Provide missing input activity with simulation results or by editing the "By Resource Type -> I/Os" view           |
| Internal nodes activity     | Medium     | User specified less than 25% of internal nodes         | Provide missing internal nodes activity with simulation results or by editing the "By Resource Type" views         |
| Device models               | High       | Device models are Production                           |                                                                                                                    |
|                             |            |                                                        |                                                                                                                    |
| Overall confidence level    | Low        |                                                        |                                                                                                                    |
+-----------------------------+------------+--------------------------------------------------------+--------------------------------------------------------------------------------------------------------------------+


2. Settings
-----------

2.1 Environment
---------------

+-----------------------+--------------------------+
| Ambient Temp (C)      | 25.0                     |
| ThetaJA (C/W)         | 5.0                      |
| Airflow (LFM)         | 250                      |
| Heat Sink             | medium (Medium Profile)  |
| ThetaSA (C/W)         | 4.6                      |
| Board Selection       | medium (10"x10")         |
| # of Board Layers     | 12to15 (12 to 15 Layers) |
| Board Temperature (C) | 25.0                     |
+-----------------------+--------------------------+


2.2 Clock Constraints
---------------------

+-------+--------+-----------------+
| Clock | Domain | Constraint (ns) |
+-------+--------+-----------------+


3. Detailed Reports
-------------------

3.1 By Hierarchy
----------------

+-------------------------+-----------+
| Name                    | Power (W) |
+-------------------------+-----------+
| TopModule               |     6.332 |
|   CLK_MOUSE_IOBUF_inst  |     0.000 |
|   CPU                   |     1.375 |
|     ALU0                |     0.250 |
|   DATA_MOUSE_IOBUF_inst |     0.000 |
|   led                   |    <0.001 |
|   mouse                 |     0.821 |
|     MT                  |     0.776 |
|       MSM               |     0.273 |
|       R                 |     0.104 |
|       T                 |     0.143 |
|   ram                   |     0.113 |
|   rom                   |     1.362 |
|   seg7                  |     0.128 |
|     SevenSegmentWrapper |     0.128 |
|       ClockDivider      |     0.128 |
|       DigitSelector     |    <0.001 |
|   switch                |     0.002 |
|   timer                 |     0.448 |
|   vga                   |     1.544 |
|     fb                  |     1.187 |
|     sg                  |     0.333 |
+-------------------------+-----------+


