Copyright 1986-2015 Xilinx, Inc. All Rights Reserved.
----------------------------------------------------------------------------------------
| Tool Version     : Vivado v.2015.2 (lin64) Build 1266856 Fri Jun 26 16:35:25 MDT 2015
| Date             : Tue Mar 25 12:36:28 2025
| Host             : tla103.see.ed.ac.uk running 64-bit Ubuntu 22.04.5 LTS
| Command          : 
| Design           : Top
| Device           : xc7a35ticpg236-1L
| Design State     : Routed
| Grade            : industrial
| Process          : typical
| Characterization : Advance
----------------------------------------------------------------------------------------

Power Report

Table of Contents
-----------------
1. Summary
1.1 On-Chip Components
1.2 Power Supply Summary
1.3 Confidence Level
2. Settings
2.1 Environment
2.2 Clock Constraints
3. Detailed Reports
3.1 By Hierarchy

1. Summary
----------

+--------------------------+-------+
| Total On-Chip Power (W)  | 3.988 |
| Dynamic (W)              | 3.918 |
| Device Static (W)        | 0.070 |
| Effective TJA (C/W)      | 5.0   |
| Max Ambient (C)          | 80.1  |
| Junction Temperature (C) | 44.9  |
| Confidence Level         | Low   |
| Setting File             | ---   |
| Simulation Activity File | ---   |
| Design Nets Matched      | NA    |
+--------------------------+-------+


1.1 On-Chip Components
----------------------

+----------------+-----------+----------+-----------+-----------------+
| On-Chip        | Power (W) | Used     | Available | Utilization (%) |
+----------------+-----------+----------+-----------+-----------------+
| Slice Logic    |     1.164 |      897 |       --- |             --- |
|   LUT as Logic |     0.961 |      370 |     20800 |            1.78 |
|   CARRY4       |     0.100 |       49 |      8150 |            0.60 |
|   Register     |     0.056 |      380 |     41600 |            0.91 |
|   BUFG         |     0.047 |        2 |        32 |            6.25 |
|   F7/F8 Muxes  |    <0.001 |        1 |     32600 |           <0.01 |
|   Others       |     0.000 |       31 |       --- |             --- |
| Signals        |     1.102 |      734 |       --- |             --- |
| Block RAM      |     1.182 |      1.5 |        50 |            3.00 |
| I/O            |     0.469 |       42 |       106 |           39.62 |
| Static Power   |     0.070 |          |           |                 |
| Total          |     3.988 |          |           |                 |
+----------------+-----------+----------+-----------+-----------------+


1.2 Power Supply Summary
------------------------

+-----------+-------------+-----------+-------------+------------+
| Source    | Voltage (V) | Total (A) | Dynamic (A) | Static (A) |
+-----------+-------------+-----------+-------------+------------+
| Vccint    |       0.950 |     3.553 |       3.541 |      0.013 |
| Vccaux    |       1.800 |     0.029 |       0.017 |      0.012 |
| Vcco33    |       3.300 |     0.132 |       0.131 |      0.001 |
| Vcco25    |       2.500 |     0.000 |       0.000 |      0.000 |
| Vcco18    |       1.800 |     0.000 |       0.000 |      0.000 |
| Vcco15    |       1.500 |     0.000 |       0.000 |      0.000 |
| Vcco135   |       1.350 |     0.000 |       0.000 |      0.000 |
| Vcco12    |       1.200 |     0.000 |       0.000 |      0.000 |
| Vccaux_io |       1.800 |     0.000 |       0.000 |      0.000 |
| Vccbram   |       0.950 |     0.095 |       0.094 |      0.000 |
| MGTAVcc   |       1.000 |     0.000 |       0.000 |      0.000 |
| MGTAVtt   |       1.200 |     0.000 |       0.000 |      0.000 |
| Vccadc    |       1.800 |     0.018 |       0.000 |      0.018 |
+-----------+-------------+-----------+-------------+------------+


1.3 Confidence Level
--------------------

+-----------------------------+------------+--------------------------------------------------------+--------------------------------------------------------------------------------------------------------------------+
| User Input Data             | Confidence | Details                                                | Action                                                                                                             |
+-----------------------------+------------+--------------------------------------------------------+--------------------------------------------------------------------------------------------------------------------+
| Design implementation state | High       | Design is routed                                       |                                                                                                                    |
| Clock nodes activity        | Low        | User specified less than 75% of clocks                 | Provide missing clock activity with a constraint file, simulation results or by editing the "By Clock Domain" view |
| I/O nodes activity          | Low        | More than 75% of inputs are missing user specification | Provide missing input activity with simulation results or by editing the "By Resource Type -> I/Os" view           |
| Internal nodes activity     | Medium     | User specified less than 25% of internal nodes         | Provide missing internal nodes activity with simulation results or by editing the "By Resource Type" views         |
| Device models               | Medium     | Device models are not Production                       | Device models may change and in turn slightly affect accuracy                                                      |
|                             |            |                                                        |                                                                                                                    |
| Overall confidence level    | Low        |                                                        |                                                                                                                    |
+-----------------------------+------------+--------------------------------------------------------+--------------------------------------------------------------------------------------------------------------------+


2. Settings
-----------

2.1 Environment
---------------

+-----------------------+--------------------------+
| Ambient Temp (C)      | 25.0                     |
| ThetaJA (C/W)         | 5.0                      |
| Airflow (LFM)         | 250                      |
| Heat Sink             | medium (Medium Profile)  |
| ThetaSA (C/W)         | 4.6                      |
| Board Selection       | medium (10"x10")         |
| # of Board Layers     | 12to15 (12 to 15 Layers) |
| Board Temperature (C) | 25.0                     |
+-----------------------+--------------------------+


2.2 Clock Constraints
---------------------

+-------+--------+-----------------+
| Clock | Domain | Constraint (ns) |
+-------+--------+-----------------+


3. Detailed Reports
-------------------

3.1 By Hierarchy
----------------

+-------------------------+-----------+
| Name                    | Power (W) |
+-------------------------+-----------+
| Top                     |     3.918 |
|   CLK_MOUSE_IOBUF_inst  |     0.000 |
|   DATA_MOUSE_IOBUF_inst |     0.061 |
|   SevenSegment          |     0.115 |
|     di                  |     0.115 |
|       Bit17Counter      |     0.115 |
|       Bit2Counter       |    <0.001 |
|   mouse                 |     0.897 |
|     mt                  |     0.790 |
|       MSM               |     0.250 |
|       R                 |     0.081 |
|       T                 |     0.193 |
|   proc                  |     0.415 |
|     ALU0                |     0.073 |
|   ram                   |     0.112 |
|   timer                 |     0.398 |
|   vga                   |     1.408 |
|     fb                  |     1.126 |
|     sg                  |     0.282 |
+-------------------------+-----------+


